Mon Aug 06 15:28:09 IST 2012  [debug] AvalonLogSystem initialized using logfile 'velocity.log'
Mon Aug 06 15:28:09 IST 2012   [info] ************************************************************** 
Mon Aug 06 15:28:09 IST 2012   [info] Starting Jakarta Velocity v1.4
Mon Aug 06 15:28:09 IST 2012   [info] RuntimeInstance initializing.
Mon Aug 06 15:28:09 IST 2012   [info] Default Properties File: org\apache\velocity\runtime\defaults\velocity.properties
Mon Aug 06 15:28:09 IST 2012   [info] Trying to use logger class org.apache.velocity.runtime.log.AvalonLogSystem
Mon Aug 06 15:28:09 IST 2012   [info] Using logger class org.apache.velocity.runtime.log.AvalonLogSystem
Mon Aug 06 15:28:09 IST 2012   [info] Default ResourceManager initializing. (class org.apache.velocity.runtime.resource.ResourceManagerImpl)
Mon Aug 06 15:28:09 IST 2012   [info] Resource Loader Instantiated: org.apache.velocity.runtime.resource.loader.ClasspathResourceLoader
Mon Aug 06 15:28:09 IST 2012   [info] ClasspathResourceLoader : initialization starting.
Mon Aug 06 15:28:09 IST 2012   [info] ClasspathResourceLoader : initialization complete.
Mon Aug 06 15:28:09 IST 2012   [info] ResourceCache : initialized. (class org.apache.velocity.runtime.resource.ResourceCacheImpl)
Mon Aug 06 15:28:09 IST 2012   [info] Default ResourceManager initialization complete.
Mon Aug 06 15:28:09 IST 2012   [info] Loaded System Directive: org.apache.velocity.runtime.directive.Literal
Mon Aug 06 15:28:09 IST 2012   [info] Loaded System Directive: org.apache.velocity.runtime.directive.Macro
Mon Aug 06 15:28:09 IST 2012   [info] Loaded System Directive: org.apache.velocity.runtime.directive.Parse
Mon Aug 06 15:28:09 IST 2012   [info] Loaded System Directive: org.apache.velocity.runtime.directive.Include
Mon Aug 06 15:28:09 IST 2012   [info] Loaded System Directive: org.apache.velocity.runtime.directive.Foreach
Mon Aug 06 15:28:09 IST 2012   [info] Created: 20 parsers.
Mon Aug 06 15:28:09 IST 2012   [info] Velocimacro : initialization starting.
Mon Aug 06 15:28:09 IST 2012   [info] Velocimacro : adding VMs from VM library template : VM_global_library.vm
Mon Aug 06 15:28:09 IST 2012  [error] ResourceManager : unable to find resource 'VM_global_library.vm' in any resource loader.
Mon Aug 06 15:28:09 IST 2012   [info] Velocimacro : error using  VM library template VM_global_library.vm : org.apache.velocity.exception.ResourceNotFoundException: Unable to find resource 'VM_global_library.vm'
Mon Aug 06 15:28:09 IST 2012   [info] Velocimacro :  VM library template macro registration complete.
Mon Aug 06 15:28:09 IST 2012   [info] Velocimacro : allowInline = true : VMs can be defined inline in templates
Mon Aug 06 15:28:09 IST 2012   [info] Velocimacro : allowInlineToOverride = false : VMs defined inline may NOT replace previous VM definitions
Mon Aug 06 15:28:09 IST 2012   [info] Velocimacro : allowInlineLocal = false : VMs defined inline will be  global in scope if allowed.
Mon Aug 06 15:28:09 IST 2012   [info] Velocimacro : messages on  : VM system will output logging messages
Mon Aug 06 15:28:09 IST 2012   [info] Velocimacro : autoload off  : VM system will not automatically reload global library macros
Mon Aug 06 15:28:09 IST 2012   [info] Velocimacro : initialization complete.
Mon Aug 06 15:28:09 IST 2012   [info] Velocity successfully started.
Mon Aug 06 15:29:41 IST 2012   [info] ResourceManager : found org/uncommons/reportng/templates/html/index.html.vm with loader org.apache.velocity.runtime.resource.loader.ClasspathResourceLoader
Mon Aug 06 15:29:41 IST 2012   [info] ResourceManager : found org/uncommons/reportng/templates/html/overview.html.vm with loader org.apache.velocity.runtime.resource.loader.ClasspathResourceLoader
Mon Aug 06 15:29:41 IST 2012   [info] ResourceManager : found org/uncommons/reportng/templates/html/suites.html.vm with loader org.apache.velocity.runtime.resource.loader.ClasspathResourceLoader
Mon Aug 06 15:29:41 IST 2012   [info] ResourceManager : found org/uncommons/reportng/templates/html/groups.html.vm with loader org.apache.velocity.runtime.resource.loader.ClasspathResourceLoader
Mon Aug 06 15:29:41 IST 2012   [info] ResourceManager : found org/uncommons/reportng/templates/html/results.html.vm with loader org.apache.velocity.runtime.resource.loader.ClasspathResourceLoader
Mon Aug 06 15:29:41 IST 2012   [info] ResourceManager : found org/uncommons/reportng/templates/html/class-results.html.vm with loader org.apache.velocity.runtime.resource.loader.ClasspathResourceLoader
Mon Aug 06 15:29:41 IST 2012   [info] ResourceManager : found org/uncommons/reportng/templates/html/results.html.vm with loader org.apache.velocity.runtime.resource.loader.ClasspathResourceLoader
Mon Aug 06 15:29:41 IST 2012   [info] ResourceManager : found org/uncommons/reportng/templates/html/class-results.html.vm with loader org.apache.velocity.runtime.resource.loader.ClasspathResourceLoader
Mon Aug 06 15:29:41 IST 2012   [info] ResourceManager : found org/uncommons/reportng/templates/html/index.html.vm with loader org.apache.velocity.runtime.resource.loader.ClasspathResourceLoader
Mon Aug 06 15:29:41 IST 2012   [info] ResourceManager : found org/uncommons/reportng/templates/html/overview.html.vm with loader org.apache.velocity.runtime.resource.loader.ClasspathResourceLoader
Mon Aug 06 15:29:41 IST 2012   [info] ResourceManager : found org/uncommons/reportng/templates/html/suites.html.vm with loader org.apache.velocity.runtime.resource.loader.ClasspathResourceLoader
Mon Aug 06 15:29:41 IST 2012   [info] ResourceManager : found org/uncommons/reportng/templates/html/groups.html.vm with loader org.apache.velocity.runtime.resource.loader.ClasspathResourceLoader
Mon Aug 06 15:29:41 IST 2012   [info] ResourceManager : found org/uncommons/reportng/templates/html/results.html.vm with loader org.apache.velocity.runtime.resource.loader.ClasspathResourceLoader
Mon Aug 06 15:29:41 IST 2012   [info] ResourceManager : found org/uncommons/reportng/templates/html/class-results.html.vm with loader org.apache.velocity.runtime.resource.loader.ClasspathResourceLoader
Mon Aug 06 15:29:41 IST 2012   [info] ResourceManager : found org/uncommons/reportng/templates/html/results.html.vm with loader org.apache.velocity.runtime.resource.loader.ClasspathResourceLoader
Mon Aug 06 15:29:41 IST 2012   [info] ResourceManager : found org/uncommons/reportng/templates/html/class-results.html.vm with loader org.apache.velocity.runtime.resource.loader.ClasspathResourceLoader
